[debug] [2022-08-28T02:04:17.960Z] ----------------------------------------------------------------------
[debug] [2022-08-28T02:04:17.962Z] Command:       C:\Program Files\nodejs\node.exe C:\Program Files\nodejs\node_modules\firebase-tools\lib\bin\firebase.js init
[debug] [2022-08-28T02:04:17.963Z] CLI Version:   11.8.0
[debug] [2022-08-28T02:04:17.963Z] Platform:      win32
[debug] [2022-08-28T02:04:17.964Z] Node Version:  v16.17.0
[debug] [2022-08-28T02:04:17.965Z] Time:          Sat Aug 27 2022 21:04:17 GMT-0500 (hora estándar de Colombia)
[debug] [2022-08-28T02:04:17.966Z] ----------------------------------------------------------------------
[debug] 
[debug] [2022-08-28T02:04:17.970Z] >>> [apiv2][query] GET https://firebase-public.firebaseio.com/cli.json [none]
[debug] [2022-08-28T02:04:17.999Z] > command requires scopes: ["email","openid","https://www.googleapis.com/auth/cloudplatformprojects.readonly","https://www.googleapis.com/auth/firebase","https://www.googleapis.com/auth/cloud-platform"]
[debug] [2022-08-28T02:04:18.000Z] > authorizing via signed-in user (sadw621@gmail.com)
[info] 
     ######## #### ########  ######## ########     ###     ######  ########
     ##        ##  ##     ## ##       ##     ##  ##   ##  ##       ##
     ######    ##  ########  ######   ########  #########  ######  ######
     ##        ##  ##    ##  ##       ##     ## ##     ##       ## ##
     ##       #### ##     ## ######## ########  ##     ##  ######  ########

You're about to initialize a Firebase project in this directory:

  D:\Personal\VsCode\PT-Mentorias\mentorias-app

[debug] [2022-08-28T02:04:18.302Z] <<< [apiv2][status] GET https://firebase-public.firebaseio.com/cli.json 200
[debug] [2022-08-28T02:04:18.302Z] <<< [apiv2][body] GET https://firebase-public.firebaseio.com/cli.json {"cloudBuildErrorAfter":1594252800000,"cloudBuildWarnAfter":1590019200000,"defaultNode10After":1594252800000,"minVersion":"3.0.5","node8DeploysDisabledAfter":1613390400000,"node8RuntimeDisabledAfter":1615809600000,"node8WarnAfter":1600128000000}
